<?xml version="1.0" encoding="UTF-8"?>
<coverage generated="1773249955802" clover="3.2.0">
  <project timestamp="1773249955802" name="All files">
    <metrics statements="102" coveredstatements="102" conditionals="45" coveredconditionals="45" methods="8" coveredmethods="8" elements="155" coveredelements="155" complexity="0" loc="102" ncloc="102" packages="1" files="1" classes="1"/>
    <file name="db.ts" path="/Users/sammason/Downloads/hair-diary-main/lib/db.ts">
      <metrics statements="102" coveredstatements="102" conditionals="45" coveredconditionals="45" methods="8" coveredmethods="8"/>
      <line num="1" count="1" type="stmt"/>
      <line num="2" count="1" type="stmt"/>
      <line num="3" count="1" type="stmt"/>
      <line num="4" count="1" type="stmt"/>
      <line num="5" count="1" type="stmt"/>
      <line num="6" count="1" type="stmt"/>
      <line num="7" count="1" type="stmt"/>
      <line num="8" count="1" type="stmt"/>
      <line num="9" count="1" type="stmt"/>
      <line num="10" count="1" type="stmt"/>
      <line num="11" count="1" type="stmt"/>
      <line num="12" count="1" type="stmt"/>
      <line num="13" count="1" type="stmt"/>
      <line num="14" count="1" type="stmt"/>
      <line num="15" count="1" type="stmt"/>
      <line num="16" count="1" type="stmt"/>
      <line num="17" count="1" type="stmt"/>
      <line num="18" count="1" type="stmt"/>
      <line num="19" count="1" type="stmt"/>
      <line num="20" count="1" type="stmt"/>
      <line num="21" count="1" type="stmt"/>
      <line num="22" count="1" type="stmt"/>
      <line num="23" count="1" type="stmt"/>
      <line num="24" count="1" type="stmt"/>
      <line num="25" count="1" type="stmt"/>
      <line num="26" count="1" type="stmt"/>
      <line num="27" count="1" type="stmt"/>
      <line num="28" count="1" type="stmt"/>
      <line num="29" count="1" type="cond" truecount="1" falsecount="0"/>
      <line num="30" count="38" type="cond" truecount="1" falsecount="0"/>
      <line num="31" count="36" type="stmt"/>
      <line num="32" count="36" type="cond" truecount="1" falsecount="0"/>
      <line num="33" count="35" type="cond" truecount="1" falsecount="0"/>
      <line num="34" count="21" type="cond" truecount="1" falsecount="0"/>
      <line num="35" count="21" type="cond" truecount="1" falsecount="0"/>
      <line num="36" count="21" type="cond" truecount="3" falsecount="0"/>
      <line num="37" count="5" type="stmt"/>
      <line num="38" count="5" type="cond" truecount="1" falsecount="0"/>
      <line num="39" count="9" type="cond" truecount="1" falsecount="0"/>
      <line num="40" count="10" type="cond" truecount="2" falsecount="0"/>
      <line num="41" count="2" type="stmt"/>
      <line num="42" count="2" type="cond" truecount="1" falsecount="0"/>
      <line num="43" count="8" type="stmt"/>
      <line num="44" count="8" type="stmt"/>
      <line num="45" count="9" type="stmt"/>
      <line num="46" count="5" type="stmt"/>
      <line num="47" count="21" type="stmt"/>
      <line num="48" count="35" type="cond" truecount="1" falsecount="0"/>
      <line num="49" count="19" type="cond" truecount="1" falsecount="0"/>
      <line num="50" count="19" type="cond" truecount="1" falsecount="0"/>
      <line num="51" count="20" type="cond" truecount="1" falsecount="0"/>
      <line num="52" count="21" type="cond" truecount="2" falsecount="0"/>
      <line num="53" count="12" type="stmt"/>
      <line num="54" count="12" type="cond" truecount="1" falsecount="0"/>
      <line num="55" count="9" type="stmt"/>
      <line num="56" count="9" type="stmt"/>
      <line num="57" count="20" type="stmt"/>
      <line num="58" count="19" type="stmt"/>
      <line num="59" count="35" type="cond" truecount="1" falsecount="0"/>
      <line num="60" count="19" type="stmt"/>
      <line num="61" count="19" type="stmt"/>
      <line num="62" count="19" type="stmt"/>
      <line num="63" count="19" type="stmt"/>
      <line num="64" count="35" type="cond" truecount="1" falsecount="0"/>
      <line num="65" count="8" type="cond" truecount="1" falsecount="0"/>
      <line num="66" count="8" type="cond" truecount="1" falsecount="0"/>
      <line num="67" count="6" type="cond" truecount="1" falsecount="0"/>
      <line num="68" count="6" type="cond" truecount="2" falsecount="0"/>
      <line num="69" count="5" type="stmt"/>
      <line num="70" count="5" type="cond" truecount="1" falsecount="0"/>
      <line num="71" count="1" type="stmt"/>
      <line num="72" count="1" type="stmt"/>
      <line num="73" count="6" type="stmt"/>
      <line num="74" count="8" type="stmt"/>
      <line num="75" count="8" type="cond" truecount="2" falsecount="0"/>
      <line num="76" count="5" type="stmt"/>
      <line num="77" count="5" type="stmt"/>
      <line num="78" count="8" type="cond" truecount="2" falsecount="0"/>
      <line num="79" count="8" type="stmt"/>
      <line num="80" count="35" type="cond" truecount="1" falsecount="0"/>
      <line num="81" count="8" type="cond" truecount="1" falsecount="0"/>
      <line num="82" count="8" type="cond" truecount="1" falsecount="0"/>
      <line num="83" count="6" type="cond" truecount="1" falsecount="0"/>
      <line num="84" count="6" type="cond" truecount="2" falsecount="0"/>
      <line num="85" count="4" type="stmt"/>
      <line num="86" count="4" type="cond" truecount="1" falsecount="0"/>
      <line num="87" count="2" type="stmt"/>
      <line num="88" count="2" type="stmt"/>
      <line num="89" count="6" type="stmt"/>
      <line num="90" count="8" type="stmt"/>
      <line num="91" count="8" type="cond" truecount="1" falsecount="0"/>
      <line num="92" count="6" type="stmt"/>
      <line num="93" count="6" type="stmt"/>
      <line num="94" count="8" type="cond" truecount="2" falsecount="0"/>
      <line num="95" count="8" type="stmt"/>
      <line num="96" count="35" type="stmt"/>
      <line num="97" count="36" type="stmt"/>
      <line num="98" count="36" type="cond" truecount="1" falsecount="0"/>
      <line num="99" count="2" type="stmt"/>
      <line num="100" count="2" type="stmt"/>
      <line num="101" count="2" type="cond" truecount="1" falsecount="0"/>
      <line num="102" count="38" type="stmt"/>
    </file>
  </project>
</coverage>
