{"/Users/sammason/Downloads/hair-diary-main/lib/db.ts": {"path":"/Users/sammason/Downloads/hair-diary-main/lib/db.ts","all":false,"statementMap":{"0":{"start":{"line":1,"column":0},"end":{"line":1,"column":35}},"1":{"start":{"line":2,"column":0},"end":{"line":2,"column":38}},"2":{"start":{"line":3,"column":0},"end":{"line":3,"column":0}},"3":{"start":{"line":4,"column":0},"end":{"line":4,"column":37}},"4":{"start":{"line":5,"column":0},"end":{"line":5,"column":17}},"5":{"start":{"line":6,"column":0},"end":{"line":6,"column":22}},"6":{"start":{"line":7,"column":0},"end":{"line":7,"column":15}},"7":{"start":{"line":8,"column":0},"end":{"line":8,"column":5}},"8":{"start":{"line":9,"column":0},"end":{"line":9,"column":19}},"9":{"start":{"line":10,"column":0},"end":{"line":10,"column":10}},"10":{"start":{"line":11,"column":0},"end":{"line":11,"column":5}},"11":{"start":{"line":12,"column":0},"end":{"line":12,"column":26}},"12":{"start":{"line":13,"column":0},"end":{"line":13,"column":26}},"13":{"start":{"line":14,"column":0},"end":{"line":14,"column":22}},"14":{"start":{"line":15,"column":0},"end":{"line":15,"column":82}},"15":{"start":{"line":16,"column":0},"end":{"line":16,"column":6}},"16":{"start":{"line":17,"column":0},"end":{"line":17,"column":5}},"17":{"start":{"line":18,"column":0},"end":{"line":18,"column":26}},"18":{"start":{"line":19,"column":0},"end":{"line":19,"column":22}},"19":{"start":{"line":20,"column":0},"end":{"line":20,"column":18}},"20":{"start":{"line":21,"column":0},"end":{"line":21,"column":82}},"21":{"start":{"line":22,"column":0},"end":{"line":22,"column":5}},"22":{"start":{"line":23,"column":0},"end":{"line":23,"column":3}},"23":{"start":{"line":24,"column":0},"end":{"line":24,"column":2}},"24":{"start":{"line":25,"column":0},"end":{"line":25,"column":0}},"25":{"start":{"line":26,"column":0},"end":{"line":26,"column":88}},"26":{"start":{"line":27,"column":0},"end":{"line":27,"column":55}},"27":{"start":{"line":28,"column":0},"end":{"line":28,"column":0}},"28":{"start":{"line":29,"column":0},"end":{"line":29,"column":31}},"29":{"start":{"line":30,"column":0},"end":{"line":30,"column":21}},"30":{"start":{"line":31,"column":0},"end":{"line":31,"column":12}},"31":{"start":{"line":32,"column":0},"end":{"line":32,"column":38}},"32":{"start":{"line":33,"column":0},"end":{"line":33,"column":37}},"33":{"start":{"line":34,"column":0},"end":{"line":34,"column":32}},"34":{"start":{"line":35,"column":0},"end":{"line":35,"column":75}},"35":{"start":{"line":36,"column":0},"end":{"line":36,"column":61}},"36":{"start":{"line":37,"column":0},"end":{"line":37,"column":0}},"37":{"start":{"line":38,"column":0},"end":{"line":38,"column":47}},"38":{"start":{"line":39,"column":0},"end":{"line":39,"column":68}},"39":{"start":{"line":40,"column":0},"end":{"line":40,"column":65}},"40":{"start":{"line":41,"column":0},"end":{"line":41,"column":66}},"41":{"start":{"line":42,"column":0},"end":{"line":42,"column":17}},"42":{"start":{"line":43,"column":0},"end":{"line":43,"column":43}},"43":{"start":{"line":44,"column":0},"end":{"line":44,"column":17}},"44":{"start":{"line":45,"column":0},"end":{"line":45,"column":15}},"45":{"start":{"line":46,"column":0},"end":{"line":46,"column":11}},"46":{"start":{"line":47,"column":0},"end":{"line":47,"column":11}},"47":{"start":{"line":48,"column":0},"end":{"line":48,"column":40}},"48":{"start":{"line":49,"column":0},"end":{"line":49,"column":73}},"49":{"start":{"line":50,"column":0},"end":{"line":50,"column":43}},"50":{"start":{"line":51,"column":0},"end":{"line":51,"column":66}},"51":{"start":{"line":52,"column":0},"end":{"line":52,"column":63}},"52":{"start":{"line":53,"column":0},"end":{"line":53,"column":64}},"53":{"start":{"line":54,"column":0},"end":{"line":54,"column":15}},"54":{"start":{"line":55,"column":0},"end":{"line":55,"column":41}},"55":{"start":{"line":56,"column":0},"end":{"line":56,"column":15}},"56":{"start":{"line":57,"column":0},"end":{"line":57,"column":13}},"57":{"start":{"line":58,"column":0},"end":{"line":58,"column":10}},"58":{"start":{"line":59,"column":0},"end":{"line":59,"column":40}},"59":{"start":{"line":60,"column":0},"end":{"line":60,"column":57}},"60":{"start":{"line":61,"column":0},"end":{"line":61,"column":78}},"61":{"start":{"line":62,"column":0},"end":{"line":62,"column":44}},"62":{"start":{"line":63,"column":0},"end":{"line":63,"column":10}},"63":{"start":{"line":64,"column":0},"end":{"line":64,"column":55}},"64":{"start":{"line":65,"column":0},"end":{"line":65,"column":73}},"65":{"start":{"line":66,"column":0},"end":{"line":66,"column":55}},"66":{"start":{"line":67,"column":0},"end":{"line":67,"column":66}},"67":{"start":{"line":68,"column":0},"end":{"line":68,"column":63}},"68":{"start":{"line":69,"column":0},"end":{"line":69,"column":64}},"69":{"start":{"line":70,"column":0},"end":{"line":70,"column":15}},"70":{"start":{"line":71,"column":0},"end":{"line":71,"column":41}},"71":{"start":{"line":72,"column":0},"end":{"line":72,"column":15}},"72":{"start":{"line":73,"column":0},"end":{"line":73,"column":13}},"73":{"start":{"line":74,"column":0},"end":{"line":74,"column":0}},"74":{"start":{"line":75,"column":0},"end":{"line":75,"column":44}},"75":{"start":{"line":76,"column":0},"end":{"line":76,"column":61}},"76":{"start":{"line":77,"column":0},"end":{"line":77,"column":11}},"77":{"start":{"line":78,"column":0},"end":{"line":78,"column":57}},"78":{"start":{"line":79,"column":0},"end":{"line":79,"column":10}},"79":{"start":{"line":80,"column":0},"end":{"line":80,"column":42}},"80":{"start":{"line":81,"column":0},"end":{"line":81,"column":73}},"81":{"start":{"line":82,"column":0},"end":{"line":82,"column":55}},"82":{"start":{"line":83,"column":0},"end":{"line":83,"column":66}},"83":{"start":{"line":84,"column":0},"end":{"line":84,"column":63}},"84":{"start":{"line":85,"column":0},"end":{"line":85,"column":64}},"85":{"start":{"line":86,"column":0},"end":{"line":86,"column":15}},"86":{"start":{"line":87,"column":0},"end":{"line":87,"column":41}},"87":{"start":{"line":88,"column":0},"end":{"line":88,"column":15}},"88":{"start":{"line":89,"column":0},"end":{"line":89,"column":13}},"89":{"start":{"line":90,"column":0},"end":{"line":90,"column":0}},"90":{"start":{"line":91,"column":0},"end":{"line":91,"column":29}},"91":{"start":{"line":92,"column":0},"end":{"line":92,"column":34}},"92":{"start":{"line":93,"column":0},"end":{"line":93,"column":11}},"93":{"start":{"line":94,"column":0},"end":{"line":94,"column":56}},"94":{"start":{"line":95,"column":0},"end":{"line":95,"column":9}},"95":{"start":{"line":96,"column":0},"end":{"line":96,"column":8}},"96":{"start":{"line":97,"column":0},"end":{"line":97,"column":6}},"97":{"start":{"line":98,"column":0},"end":{"line":98,"column":3}},"98":{"start":{"line":99,"column":0},"end":{"line":99,"column":0}},"99":{"start":{"line":100,"column":0},"end":{"line":100,"column":37}},"100":{"start":{"line":101,"column":0},"end":{"line":101,"column":59}},"101":{"start":{"line":102,"column":0},"end":{"line":102,"column":1}}},"s":{"0":1,"1":1,"2":1,"3":1,"4":1,"5":1,"6":1,"7":1,"8":1,"9":1,"10":1,"11":1,"12":1,"13":1,"14":1,"15":1,"16":1,"17":1,"18":1,"19":1,"20":1,"21":1,"22":1,"23":1,"24":1,"25":1,"26":1,"27":1,"28":1,"29":38,"30":36,"31":36,"32":35,"33":21,"34":21,"35":21,"36":5,"37":5,"38":9,"39":10,"40":2,"41":2,"42":8,"43":8,"44":9,"45":5,"46":21,"47":35,"48":19,"49":19,"50":20,"51":21,"52":12,"53":12,"54":9,"55":9,"56":20,"57":19,"58":35,"59":19,"60":19,"61":19,"62":19,"63":35,"64":8,"65":8,"66":6,"67":6,"68":5,"69":5,"70":1,"71":1,"72":6,"73":8,"74":8,"75":5,"76":5,"77":8,"78":8,"79":35,"80":8,"81":8,"82":6,"83":6,"84":4,"85":4,"86":2,"87":2,"88":6,"89":8,"90":8,"91":6,"92":6,"93":8,"94":8,"95":35,"96":36,"97":36,"98":2,"99":2,"100":2,"101":38},"branchMap":{"0":{"type":"branch","line":29,"loc":{"start":{"line":29,"column":7},"end":{"line":102,"column":1}},"locations":[{"start":{"line":29,"column":7},"end":{"line":102,"column":1}}]},"1":{"type":"branch","line":30,"loc":{"start":{"line":30,"column":20},"end":{"line":98,"column":3}},"locations":[{"start":{"line":30,"column":20},"end":{"line":98,"column":3}}]},"2":{"type":"branch","line":98,"loc":{"start":{"line":98,"column":2},"end":{"line":101,"column":59}},"locations":[{"start":{"line":98,"column":2},"end":{"line":101,"column":59}}]},"3":{"type":"branch","line":101,"loc":{"start":{"line":101,"column":41},"end":{"line":101,"column":59}},"locations":[{"start":{"line":101,"column":41},"end":{"line":101,"column":59}}]},"4":{"type":"branch","line":32,"loc":{"start":{"line":32,"column":18},"end":{"line":96,"column":8}},"locations":[{"start":{"line":32,"column":18},"end":{"line":96,"column":8}}]},"5":{"type":"branch","line":33,"loc":{"start":{"line":33,"column":14},"end":{"line":47,"column":11}},"locations":[{"start":{"line":33,"column":14},"end":{"line":47,"column":11}}]},"6":{"type":"branch","line":34,"loc":{"start":{"line":34,"column":19},"end":{"line":46,"column":11}},"locations":[{"start":{"line":34,"column":19},"end":{"line":46,"column":11}}]},"7":{"type":"branch","line":35,"loc":{"start":{"line":35,"column":68},"end":{"line":35,"column":74}},"locations":[{"start":{"line":35,"column":68},"end":{"line":35,"column":74}}]},"8":{"type":"branch","line":36,"loc":{"start":{"line":36,"column":49},"end":{"line":46,"column":11}},"locations":[{"start":{"line":36,"column":49},"end":{"line":46,"column":11}}]},"9":{"type":"branch","line":36,"loc":{"start":{"line":36,"column":49},"end":{"line":36,"column":61}},"locations":[{"start":{"line":36,"column":49},"end":{"line":36,"column":61}}]},"10":{"type":"branch","line":36,"loc":{"start":{"line":36,"column":56},"end":{"line":46,"column":11}},"locations":[{"start":{"line":36,"column":56},"end":{"line":46,"column":11}}]},"11":{"type":"branch","line":38,"loc":{"start":{"line":38,"column":31},"end":{"line":45,"column":15}},"locations":[{"start":{"line":38,"column":31},"end":{"line":45,"column":15}}]},"12":{"type":"branch","line":39,"loc":{"start":{"line":39,"column":49},"end":{"line":44,"column":17}},"locations":[{"start":{"line":39,"column":49},"end":{"line":44,"column":17}}]},"13":{"type":"branch","line":40,"loc":{"start":{"line":40,"column":28},"end":{"line":40,"column":62}},"locations":[{"start":{"line":40,"column":28},"end":{"line":40,"column":62}}]},"14":{"type":"branch","line":40,"loc":{"start":{"line":40,"column":64},"end":{"line":42,"column":17}},"locations":[{"start":{"line":40,"column":64},"end":{"line":42,"column":17}}]},"15":{"type":"branch","line":42,"loc":{"start":{"line":42,"column":16},"end":{"line":44,"column":17}},"locations":[{"start":{"line":42,"column":16},"end":{"line":44,"column":17}}]},"16":{"type":"branch","line":48,"loc":{"start":{"line":48,"column":17},"end":{"line":58,"column":10}},"locations":[{"start":{"line":48,"column":17},"end":{"line":58,"column":10}}]},"17":{"type":"branch","line":49,"loc":{"start":{"line":49,"column":66},"end":{"line":49,"column":72}},"locations":[{"start":{"line":49,"column":66},"end":{"line":49,"column":72}}]},"18":{"type":"branch","line":50,"loc":{"start":{"line":50,"column":27},"end":{"line":57,"column":13}},"locations":[{"start":{"line":50,"column":27},"end":{"line":57,"column":13}}]},"19":{"type":"branch","line":51,"loc":{"start":{"line":51,"column":47},"end":{"line":56,"column":15}},"locations":[{"start":{"line":51,"column":47},"end":{"line":56,"column":15}}]},"20":{"type":"branch","line":52,"loc":{"start":{"line":52,"column":26},"end":{"line":52,"column":60}},"locations":[{"start":{"line":52,"column":26},"end":{"line":52,"column":60}}]},"21":{"type":"branch","line":52,"loc":{"start":{"line":52,"column":62},"end":{"line":54,"column":15}},"locations":[{"start":{"line":52,"column":62},"end":{"line":54,"column":15}}]},"22":{"type":"branch","line":54,"loc":{"start":{"line":54,"column":14},"end":{"line":56,"column":15}},"locations":[{"start":{"line":54,"column":14},"end":{"line":56,"column":15}}]},"23":{"type":"branch","line":59,"loc":{"start":{"line":59,"column":19},"end":{"line":63,"column":10}},"locations":[{"start":{"line":59,"column":19},"end":{"line":63,"column":10}}]},"24":{"type":"branch","line":64,"loc":{"start":{"line":64,"column":19},"end":{"line":79,"column":10}},"locations":[{"start":{"line":64,"column":19},"end":{"line":79,"column":10}}]},"25":{"type":"branch","line":65,"loc":{"start":{"line":65,"column":66},"end":{"line":65,"column":72}},"locations":[{"start":{"line":65,"column":66},"end":{"line":65,"column":72}}]},"26":{"type":"branch","line":75,"loc":{"start":{"line":75,"column":25},"end":{"line":75,"column":41}},"locations":[{"start":{"line":75,"column":25},"end":{"line":75,"column":41}}]},"27":{"type":"branch","line":75,"loc":{"start":{"line":75,"column":43},"end":{"line":77,"column":11}},"locations":[{"start":{"line":75,"column":43},"end":{"line":77,"column":11}}]},"28":{"type":"branch","line":78,"loc":{"start":{"line":78,"column":45},"end":{"line":78,"column":53}},"locations":[{"start":{"line":78,"column":45},"end":{"line":78,"column":53}}]},"29":{"type":"branch","line":78,"loc":{"start":{"line":78,"column":49},"end":{"line":78,"column":55}},"locations":[{"start":{"line":78,"column":49},"end":{"line":78,"column":55}}]},"30":{"type":"branch","line":66,"loc":{"start":{"line":66,"column":39},"end":{"line":73,"column":13}},"locations":[{"start":{"line":66,"column":39},"end":{"line":73,"column":13}}]},"31":{"type":"branch","line":67,"loc":{"start":{"line":67,"column":47},"end":{"line":72,"column":15}},"locations":[{"start":{"line":67,"column":47},"end":{"line":72,"column":15}}]},"32":{"type":"branch","line":68,"loc":{"start":{"line":68,"column":26},"end":{"line":68,"column":60}},"locations":[{"start":{"line":68,"column":26},"end":{"line":68,"column":60}}]},"33":{"type":"branch","line":68,"loc":{"start":{"line":68,"column":62},"end":{"line":70,"column":15}},"locations":[{"start":{"line":68,"column":62},"end":{"line":70,"column":15}}]},"34":{"type":"branch","line":70,"loc":{"start":{"line":70,"column":14},"end":{"line":72,"column":15}},"locations":[{"start":{"line":70,"column":14},"end":{"line":72,"column":15}}]},"35":{"type":"branch","line":80,"loc":{"start":{"line":80,"column":19},"end":{"line":95,"column":9}},"locations":[{"start":{"line":80,"column":19},"end":{"line":95,"column":9}}]},"36":{"type":"branch","line":81,"loc":{"start":{"line":81,"column":66},"end":{"line":81,"column":72}},"locations":[{"start":{"line":81,"column":66},"end":{"line":81,"column":72}}]},"37":{"type":"branch","line":91,"loc":{"start":{"line":91,"column":28},"end":{"line":93,"column":11}},"locations":[{"start":{"line":91,"column":28},"end":{"line":93,"column":11}}]},"38":{"type":"branch","line":94,"loc":{"start":{"line":94,"column":44},"end":{"line":94,"column":52}},"locations":[{"start":{"line":94,"column":44},"end":{"line":94,"column":52}}]},"39":{"type":"branch","line":94,"loc":{"start":{"line":94,"column":48},"end":{"line":94,"column":54}},"locations":[{"start":{"line":94,"column":48},"end":{"line":94,"column":54}}]},"40":{"type":"branch","line":82,"loc":{"start":{"line":82,"column":39},"end":{"line":89,"column":13}},"locations":[{"start":{"line":82,"column":39},"end":{"line":89,"column":13}}]},"41":{"type":"branch","line":83,"loc":{"start":{"line":83,"column":47},"end":{"line":88,"column":15}},"locations":[{"start":{"line":83,"column":47},"end":{"line":88,"column":15}}]},"42":{"type":"branch","line":84,"loc":{"start":{"line":84,"column":26},"end":{"line":84,"column":60}},"locations":[{"start":{"line":84,"column":26},"end":{"line":84,"column":60}}]},"43":{"type":"branch","line":84,"loc":{"start":{"line":84,"column":62},"end":{"line":86,"column":15}},"locations":[{"start":{"line":84,"column":62},"end":{"line":86,"column":15}}]},"44":{"type":"branch","line":86,"loc":{"start":{"line":86,"column":14},"end":{"line":88,"column":15}},"locations":[{"start":{"line":86,"column":14},"end":{"line":88,"column":15}}]}},"b":{"0":[38],"1":[36],"2":[2],"3":[1],"4":[35],"5":[21],"6":[21],"7":[1],"8":[20],"9":[16],"10":[5],"11":[9],"12":[10],"13":[2],"14":[2],"15":[8],"16":[19],"17":[1],"18":[20],"19":[21],"20":[14],"21":[12],"22":[9],"23":[19],"24":[8],"25":[1],"26":[6],"27":[5],"28":[6],"29":[2],"30":[6],"31":[6],"32":[5],"33":[5],"34":[1],"35":[8],"36":[1],"37":[6],"38":[6],"39":[2],"40":[6],"41":[6],"42":[4],"43":[4],"44":[2]},"fnMap":{"0":{"name":"getDb","decl":{"start":{"line":29,"column":7},"end":{"line":102,"column":1}},"loc":{"start":{"line":29,"column":7},"end":{"line":102,"column":1}},"line":29},"1":{"name":"collection","decl":{"start":{"line":32,"column":18},"end":{"line":96,"column":8}},"loc":{"start":{"line":32,"column":18},"end":{"line":96,"column":8}},"line":32},"2":{"name":"find","decl":{"start":{"line":33,"column":14},"end":{"line":47,"column":11}},"loc":{"start":{"line":33,"column":14},"end":{"line":47,"column":11}},"line":33},"3":{"name":"toArray","decl":{"start":{"line":34,"column":19},"end":{"line":46,"column":11}},"loc":{"start":{"line":34,"column":19},"end":{"line":46,"column":11}},"line":34},"4":{"name":"findOne","decl":{"start":{"line":48,"column":17},"end":{"line":58,"column":10}},"loc":{"start":{"line":48,"column":17},"end":{"line":58,"column":10}},"line":48},"5":{"name":"insertOne","decl":{"start":{"line":59,"column":19},"end":{"line":63,"column":10}},"loc":{"start":{"line":59,"column":19},"end":{"line":63,"column":10}},"line":59},"6":{"name":"updateOne","decl":{"start":{"line":64,"column":19},"end":{"line":79,"column":10}},"loc":{"start":{"line":64,"column":19},"end":{"line":79,"column":10}},"line":64},"7":{"name":"deleteOne","decl":{"start":{"line":80,"column":19},"end":{"line":95,"column":9}},"loc":{"start":{"line":80,"column":19},"end":{"line":95,"column":9}},"line":80}},"f":{"0":38,"1":35,"2":21,"3":21,"4":19,"5":19,"6":8,"7":8}}
}
