TN:
SF:lib/db.ts
FN:29,getDb
FN:32,collection
FN:33,find
FN:34,toArray
FN:48,findOne
FN:59,insertOne
FN:64,updateOne
FN:80,deleteOne
FNF:8
FNH:8
FNDA:38,getDb
FNDA:35,collection
FNDA:21,find
FNDA:21,toArray
FNDA:19,findOne
FNDA:19,insertOne
FNDA:8,updateOne
FNDA:8,deleteOne
DA:1,1
DA:2,1
DA:3,1
DA:4,1
DA:5,1
DA:6,1
DA:7,1
DA:8,1
DA:9,1
DA:10,1
DA:11,1
DA:12,1
DA:13,1
DA:14,1
DA:15,1
DA:16,1
DA:17,1
DA:18,1
DA:19,1
DA:20,1
DA:21,1
DA:22,1
DA:23,1
DA:24,1
DA:25,1
DA:26,1
DA:27,1
DA:28,1
DA:29,1
DA:30,38
DA:31,36
DA:32,36
DA:33,35
DA:34,21
DA:35,21
DA:36,21
DA:37,5
DA:38,5
DA:39,9
DA:40,10
DA:41,2
DA:42,2
DA:43,8
DA:44,8
DA:45,9
DA:46,5
DA:47,21
DA:48,35
DA:49,19
DA:50,19
DA:51,20
DA:52,21
DA:53,12
DA:54,12
DA:55,9
DA:56,9
DA:57,20
DA:58,19
DA:59,35
DA:60,19
DA:61,19
DA:62,19
DA:63,19
DA:64,35
DA:65,8
DA:66,8
DA:67,6
DA:68,6
DA:69,5
DA:70,5
DA:71,1
DA:72,1
DA:73,6
DA:74,8
DA:75,8
DA:76,5
DA:77,5
DA:78,8
DA:79,8
DA:80,35
DA:81,8
DA:82,8
DA:83,6
DA:84,6
DA:85,4
DA:86,4
DA:87,2
DA:88,2
DA:89,6
DA:90,8
DA:91,8
DA:92,6
DA:93,6
DA:94,8
DA:95,8
DA:96,35
DA:97,36
DA:98,36
DA:99,2
DA:100,2
DA:101,2
DA:102,38
LF:102
LH:102
BRDA:29,0,0,38
BRDA:30,1,0,36
BRDA:98,2,0,2
BRDA:101,3,0,1
BRDA:32,4,0,35
BRDA:33,5,0,21
BRDA:34,6,0,21
BRDA:35,7,0,1
BRDA:36,8,0,20
BRDA:36,9,0,16
BRDA:36,10,0,5
BRDA:38,11,0,9
BRDA:39,12,0,10
BRDA:40,13,0,2
BRDA:40,14,0,2
BRDA:42,15,0,8
BRDA:48,16,0,19
BRDA:49,17,0,1
BRDA:50,18,0,20
BRDA:51,19,0,21
BRDA:52,20,0,14
BRDA:52,21,0,12
BRDA:54,22,0,9
BRDA:59,23,0,19
BRDA:64,24,0,8
BRDA:65,25,0,1
BRDA:75,26,0,6
BRDA:75,27,0,5
BRDA:78,28,0,6
BRDA:78,29,0,2
BRDA:66,30,0,6
BRDA:67,31,0,6
BRDA:68,32,0,5
BRDA:68,33,0,5
BRDA:70,34,0,1
BRDA:80,35,0,8
BRDA:81,36,0,1
BRDA:91,37,0,6
BRDA:94,38,0,6
BRDA:94,39,0,2
BRDA:82,40,0,6
BRDA:83,41,0,6
BRDA:84,42,0,4
BRDA:84,43,0,4
BRDA:86,44,0,2
BRF:45
BRH:45
end_of_record
